<?xml version="1.0" encoding="UTF-8"?>
<testng-results ignored="0" total="4" passed="4" failed="0" skipped="0">
  <reporter-output>
  </reporter-output>
  <suite started-at="2023-11-02T16:40:04 PKT" name="Default suite" finished-at="2023-11-02T16:41:46 PKT" duration-ms="102518">
    <groups>
    </groups>
    <test started-at="2023-11-02T16:40:04 PKT" name="Default test" finished-at="2023-11-02T16:41:46 PKT" duration-ms="102518">
      <class name="playwright_packages.Salesforce">
        <test-method signature="main1122()[pri:0, instance:playwright_packages.Salesforce@25fb8912]" started-at="2023-11-02T16:40:04 PKT" name="main1122" finished-at="2023-11-02T16:40:38 PKT" duration-ms="34269" status="PASS">
          <reporter-output>
          </reporter-output>
        </test-method> <!-- main1122 -->
        <test-method signature="main1122()[pri:0, instance:playwright_packages.Salesforce@25fb8912]" started-at="2023-11-02T16:40:38 PKT" name="main1122" finished-at="2023-11-02T16:40:59 PKT" duration-ms="21507" status="PASS">
          <reporter-output>
          </reporter-output>
        </test-method> <!-- main1122 -->
        <test-method signature="main1122()[pri:0, instance:playwright_packages.Salesforce@25fb8912]" started-at="2023-11-02T16:41:00 PKT" name="main1122" finished-at="2023-11-02T16:41:23 PKT" duration-ms="23359" status="PASS">
          <reporter-output>
          </reporter-output>
        </test-method> <!-- main1122 -->
        <test-method signature="main1122()[pri:0, instance:playwright_packages.Salesforce@25fb8912]" started-at="2023-11-02T16:41:23 PKT" name="main1122" finished-at="2023-11-02T16:41:46 PKT" duration-ms="23239" status="PASS">
          <reporter-output>
          </reporter-output>
        </test-method> <!-- main1122 -->
      </class> <!-- playwright_packages.Salesforce -->
    </test> <!-- Default test -->
  </suite> <!-- Default suite -->
</testng-results>
