<?xml version="1.0" encoding="UTF-8"?>
<!-- Generated by org.testng.reporters.JUnitXMLReporter -->
<testsuite ignored="0" hostname="FizzahMazhar-PC" failures="0" tests="4" name="Default test" time="102.518" errors="0" timestamp="2023-11-02T16:41:46 PKT">
  <testcase classname="playwright_packages.Salesforce" name="main1122" time="34.269"/>
  <testcase classname="playwright_packages.Salesforce" name="main1122" time="21.507"/>
  <testcase classname="playwright_packages.Salesforce" name="main1122" time="23.359"/>
  <testcase classname="playwright_packages.Salesforce" name="main1122" time="23.239"/>
</testsuite> <!-- Default test -->
